0 info it worked if it ends with ok
1 verbose cli [ '/usr/local/bin/node', '/usr/local/bin/npm', 'install' ]
2 info using npm@2.15.11
3 info using node@v4.6.2
4 verbose readDependencies loading dependencies from /home/pimatic/pimatic-dev/node_modules/pimatic-itag/package.json
5 warn package.json pimatic-itag@0.0.2 No repository field.
6 warn package.json pimatic-itag@0.0.2 No license field.
7 verbose install where, deps [ '/home/pimatic/pimatic-dev/node_modules/pimatic-itag',
7 verbose install   [ 'itag' ] ]
8 verbose install peerDependency pimatic wasn't going to be installed; adding
9 warn peerDependencies The peer dependency pimatic included from pimatic-itag will no
10 warn peerDependencies longer be automatically installed to fulfill the peerDependency
11 warn peerDependencies in npm 3+. Your application will need to depend on it explicitly.
12 verbose install peerDependency pimatic-ble wasn't going to be installed; adding
13 warn peerDependencies The peer dependency pimatic-ble included from pimatic-itag will no
14 warn peerDependencies longer be automatically installed to fulfill the peerDependency
15 warn peerDependencies in npm 3+. Your application will need to depend on it explicitly.
16 verbose install where, peers [ '/home/pimatic/pimatic-dev/node_modules/pimatic-itag',
16 verbose install   [ 'pimatic', 'pimatic-ble' ] ]
17 verbose installManyTop reading for lifecycle /home/pimatic/pimatic-dev/node_modules/pimatic-itag/package.json
18 info preinstall pimatic-itag@0.0.2
19 verbose readDependencies loading dependencies from /home/pimatic/pimatic-dev/node_modules/pimatic-itag/package.json
20 silly cache add args [ 'itag@^0.0.1', null ]
21 verbose cache add spec itag@^0.0.1
22 silly cache add parsed spec Result {
22 silly cache add   raw: 'itag@^0.0.1',
22 silly cache add   scope: null,
22 silly cache add   name: 'itag',
22 silly cache add   rawSpec: '^0.0.1',
22 silly cache add   spec: '>=0.0.1 <0.0.2',
22 silly cache add   type: 'range' }
23 silly addNamed itag@>=0.0.1 <0.0.2
24 verbose addNamed ">=0.0.1 <0.0.2" is a valid semver range for itag
25 silly addNameRange { name: 'itag', range: '>=0.0.1 <0.0.2', hasData: false }
26 silly mapToRegistry name itag
27 silly mapToRegistry using default registry
28 silly mapToRegistry registry https://registry.npmjs.org/
29 silly mapToRegistry data Result {
29 silly mapToRegistry   raw: 'itag',
29 silly mapToRegistry   scope: null,
29 silly mapToRegistry   name: 'itag',
29 silly mapToRegistry   rawSpec: '',
29 silly mapToRegistry   spec: 'latest',
29 silly mapToRegistry   type: 'tag' }
30 silly mapToRegistry uri https://registry.npmjs.org/itag
31 verbose addNameRange registry:https://registry.npmjs.org/itag not in flight; fetching
32 silly cache add args [ 'pimatic@>=0.8.0 <1.0.0', null ]
33 verbose cache add spec pimatic@>=0.8.0 <1.0.0
34 silly cache add parsed spec Result {
34 silly cache add   raw: 'pimatic@>=0.8.0 <1.0.0',
34 silly cache add   scope: null,
34 silly cache add   name: 'pimatic',
34 silly cache add   rawSpec: '>=0.8.0 <1.0.0',
34 silly cache add   spec: '>=0.8.0 <1.0.0',
34 silly cache add   type: 'range' }
35 silly addNamed pimatic@>=0.8.0 <1.0.0
36 verbose addNamed ">=0.8.0 <1.0.0" is a valid semver range for pimatic
37 silly addNameRange { name: 'pimatic', range: '>=0.8.0 <1.0.0', hasData: false }
38 silly mapToRegistry name pimatic
39 silly mapToRegistry using default registry
40 silly mapToRegistry registry https://registry.npmjs.org/
41 silly mapToRegistry data Result {
41 silly mapToRegistry   raw: 'pimatic',
41 silly mapToRegistry   scope: null,
41 silly mapToRegistry   name: 'pimatic',
41 silly mapToRegistry   rawSpec: '',
41 silly mapToRegistry   spec: 'latest',
41 silly mapToRegistry   type: 'tag' }
42 silly mapToRegistry uri https://registry.npmjs.org/pimatic
43 verbose addNameRange registry:https://registry.npmjs.org/pimatic not in flight; fetching
44 silly cache add args [ 'pimatic-ble@>=0.9.*', null ]
45 verbose cache add spec pimatic-ble@>=0.9.*
46 silly cache add parsed spec Result {
46 silly cache add   raw: 'pimatic-ble@>=0.9.*',
46 silly cache add   scope: null,
46 silly cache add   name: 'pimatic-ble',
46 silly cache add   rawSpec: '>=0.9.*',
46 silly cache add   spec: '>=0.9.0',
46 silly cache add   type: 'range' }
47 silly addNamed pimatic-ble@>=0.9.0
48 verbose addNamed ">=0.9.0" is a valid semver range for pimatic-ble
49 silly addNameRange { name: 'pimatic-ble', range: '>=0.9.0', hasData: false }
50 silly mapToRegistry name pimatic-ble
51 silly mapToRegistry using default registry
52 silly mapToRegistry registry https://registry.npmjs.org/
53 silly mapToRegistry data Result {
53 silly mapToRegistry   raw: 'pimatic-ble',
53 silly mapToRegistry   scope: null,
53 silly mapToRegistry   name: 'pimatic-ble',
53 silly mapToRegistry   rawSpec: '',
53 silly mapToRegistry   spec: 'latest',
53 silly mapToRegistry   type: 'tag' }
54 silly mapToRegistry uri https://registry.npmjs.org/pimatic-ble
55 verbose addNameRange registry:https://registry.npmjs.org/pimatic-ble not in flight; fetching
56 verbose request uri https://registry.npmjs.org/itag
57 verbose request no auth needed
58 info attempt registry request try #1 at 10:38:23 PM
59 verbose request id 650b5f7608c04cfd
60 http request GET https://registry.npmjs.org/itag
61 verbose request uri https://registry.npmjs.org/pimatic
62 verbose request no auth needed
63 info attempt registry request try #1 at 10:38:24 PM
64 verbose etag W/"59a96fd8-725ce"
65 verbose lastModified Fri, 01 Sep 2017 14:34:00 GMT
66 http request GET https://registry.npmjs.org/pimatic
67 verbose request uri https://registry.npmjs.org/pimatic-ble
68 verbose request no auth needed
69 info attempt registry request try #1 at 10:38:24 PM
70 verbose etag W/"54e89594-7ab"
71 verbose lastModified Sat, 21 Feb 2015 14:26:28 GMT
72 http request GET https://registry.npmjs.org/pimatic-ble
73 http 304 https://registry.npmjs.org/pimatic
74 verbose headers { date: 'Sun, 03 Dec 2017 21:38:24 GMT',
74 verbose headers   via: '1.1 varnish',
74 verbose headers   'cache-control': 'max-age=300',
74 verbose headers   etag: 'W/"59a96fd8-725ce"',
74 verbose headers   age: '66',
74 verbose headers   connection: 'keep-alive',
74 verbose headers   'x-served-by': 'cache-ams4426-AMS',
74 verbose headers   'x-cache': 'HIT',
74 verbose headers   'x-cache-hits': '1',
74 verbose headers   'x-timer': 'S1512337104.471676,VS0,VE0',
74 verbose headers   vary: 'Accept-Encoding, Accept' }
75 silly get cb [ 304,
75 silly get   { date: 'Sun, 03 Dec 2017 21:38:24 GMT',
75 silly get     via: '1.1 varnish',
75 silly get     'cache-control': 'max-age=300',
75 silly get     etag: 'W/"59a96fd8-725ce"',
75 silly get     age: '66',
75 silly get     connection: 'keep-alive',
75 silly get     'x-served-by': 'cache-ams4426-AMS',
75 silly get     'x-cache': 'HIT',
75 silly get     'x-cache-hits': '1',
75 silly get     'x-timer': 'S1512337104.471676,VS0,VE0',
75 silly get     vary: 'Accept-Encoding, Accept' } ]
76 verbose etag https://registry.npmjs.org/pimatic from cache
77 verbose get saving pimatic to /home/pimatic/.npm/registry.npmjs.org/pimatic/.cache.json
78 verbose correctMkdir /home/pimatic/.npm correctMkdir not in flight; initializing
79 http 200 https://registry.npmjs.org/itag
80 verbose headers { server: 'nginx/1.10.1',
80 verbose headers   'content-type': 'application/json',
80 verbose headers   'last-modified': 'Sun, 25 May 2014 13:20:44 GMT',
80 verbose headers   etag: 'W/"5381ee2c-dbc"',
80 verbose headers   'content-encoding': 'gzip',
80 verbose headers   'cache-control': 'max-age=300',
80 verbose headers   'content-length': '1542',
80 verbose headers   'accept-ranges': 'bytes',
80 verbose headers   date: 'Sun, 03 Dec 2017 21:38:24 GMT',
80 verbose headers   via: '1.1 varnish',
80 verbose headers   age: '0',
80 verbose headers   connection: 'keep-alive',
80 verbose headers   'x-served-by': 'cache-ams4141-AMS',
80 verbose headers   'x-cache': 'MISS',
80 verbose headers   'x-cache-hits': '0',
80 verbose headers   'x-timer': 'S1512337104.456516,VS0,VE26',
80 verbose headers   vary: 'Accept-Encoding, Accept' }
81 silly get cb [ 200,
81 silly get   { server: 'nginx/1.10.1',
81 silly get     'content-type': 'application/json',
81 silly get     'last-modified': 'Sun, 25 May 2014 13:20:44 GMT',
81 silly get     etag: 'W/"5381ee2c-dbc"',
81 silly get     'content-encoding': 'gzip',
81 silly get     'cache-control': 'max-age=300',
81 silly get     'content-length': '1542',
81 silly get     'accept-ranges': 'bytes',
81 silly get     date: 'Sun, 03 Dec 2017 21:38:24 GMT',
81 silly get     via: '1.1 varnish',
81 silly get     age: '0',
81 silly get     connection: 'keep-alive',
81 silly get     'x-served-by': 'cache-ams4141-AMS',
81 silly get     'x-cache': 'MISS',
81 silly get     'x-cache-hits': '0',
81 silly get     'x-timer': 'S1512337104.456516,VS0,VE26',
81 silly get     vary: 'Accept-Encoding, Accept' } ]
82 verbose get saving itag to /home/pimatic/.npm/registry.npmjs.org/itag/.cache.json
83 verbose correctMkdir /home/pimatic/.npm correctMkdir not in flight; initializing
84 http 304 https://registry.npmjs.org/pimatic-ble
85 verbose headers { date: 'Sun, 03 Dec 2017 21:38:24 GMT',
85 verbose headers   via: '1.1 varnish',
85 verbose headers   'cache-control': 'max-age=300',
85 verbose headers   etag: 'W/"54e89594-7ab"',
85 verbose headers   age: '66',
85 verbose headers   connection: 'keep-alive',
85 verbose headers   'x-served-by': 'cache-ams4421-AMS',
85 verbose headers   'x-cache': 'HIT',
85 verbose headers   'x-cache-hits': '1',
85 verbose headers   'x-timer': 'S1512337105.747502,VS0,VE0',
85 verbose headers   vary: 'Accept-Encoding, Accept' }
86 silly get cb [ 304,
86 silly get   { date: 'Sun, 03 Dec 2017 21:38:24 GMT',
86 silly get     via: '1.1 varnish',
86 silly get     'cache-control': 'max-age=300',
86 silly get     etag: 'W/"54e89594-7ab"',
86 silly get     age: '66',
86 silly get     connection: 'keep-alive',
86 silly get     'x-served-by': 'cache-ams4421-AMS',
86 silly get     'x-cache': 'HIT',
86 silly get     'x-cache-hits': '1',
86 silly get     'x-timer': 'S1512337105.747502,VS0,VE0',
86 silly get     vary: 'Accept-Encoding, Accept' } ]
87 verbose etag https://registry.npmjs.org/pimatic-ble from cache
88 verbose get saving pimatic-ble to /home/pimatic/.npm/registry.npmjs.org/pimatic-ble/.cache.json
89 verbose correctMkdir /home/pimatic/.npm correctMkdir not in flight; initializing
90 silly addNameRange number 2 { name: 'pimatic', range: '>=0.8.0 <1.0.0', hasData: true }
91 silly addNameRange versions [ 'pimatic',
91 silly addNameRange   [ '0.1.2',
91 silly addNameRange     '0.1.3',
91 silly addNameRange     '0.1.4',
91 silly addNameRange     '0.1.5',
91 silly addNameRange     '0.3.0',
91 silly addNameRange     '0.3.2',
91 silly addNameRange     '0.3.3',
91 silly addNameRange     '0.4.0',
91 silly addNameRange     '0.4.1',
91 silly addNameRange     '0.4.2',
91 silly addNameRange     '0.5.0',
91 silly addNameRange     '0.5.1',
91 silly addNameRange     '0.5.2',
91 silly addNameRange     '0.5.3',
91 silly addNameRange     '0.5.4',
91 silly addNameRange     '0.5.5',
91 silly addNameRange     '0.5.6',
91 silly addNameRange     '0.6.0',
91 silly addNameRange     '0.6.1',
91 silly addNameRange     '0.6.2',
91 silly addNameRange     '0.6.3',
91 silly addNameRange     '0.6.4',
91 silly addNameRange     '0.6.5',
91 silly addNameRange     '0.6.6',
91 silly addNameRange     '0.6.7',
91 silly addNameRange     '0.6.8',
91 silly addNameRange     '0.7.0',
91 silly addNameRange     '0.7.1',
91 silly addNameRange     '0.7.2',
91 silly addNameRange     '0.7.3',
91 silly addNameRange     '0.7.4',
91 silly addNameRange     '0.7.5',
91 silly addNameRange     '0.7.6',
91 silly addNameRange     '0.7.7',
91 silly addNameRange     '0.7.8',
91 silly addNameRange     '0.7.9',
91 silly addNameRange     '0.7.10',
91 silly addNameRange     '0.7.11',
91 silly addNameRange     '0.7.12',
91 silly addNameRange     '0.8.0',
91 silly addNameRange     '0.8.1',
91 silly addNameRange     '0.8.2',
91 silly addNameRange     '0.8.3',
91 silly addNameRange     '0.8.4',
91 silly addNameRange     '0.8.5',
91 silly addNameRange     '0.8.6',
91 silly addNameRange     '0.8.7',
91 silly addNameRange     '0.8.8',
91 silly addNameRange     '0.8.9',
91 silly addNameRange     '0.8.10',
91 silly addNameRange     '0.8.11',
91 silly addNameRange     '0.8.12',
91 silly addNameRange     '0.8.13',
91 silly addNameRange     '0.8.14',
91 silly addNameRange     '0.8.15',
91 silly addNameRange     '0.8.16',
91 silly addNameRange     '0.8.17',
91 silly addNameRange     '0.8.18',
91 silly addNameRange     '0.8.19',
91 silly addNameRange     '0.8.20',
91 silly addNameRange     '0.8.21',
91 silly addNameRange     '0.8.22',
91 silly addNameRange     '0.8.23',
91 silly addNameRange     '0.8.24',
91 silly addNameRange     '0.8.25',
91 silly addNameRange     '0.8.26',
91 silly addNameRange     '0.8.27',
91 silly addNameRange     '0.8.28',
91 silly addNameRange     '0.8.29',
91 silly addNameRange     '0.8.30',
91 silly addNameRange     '0.8.31',
91 silly addNameRange     '0.8.32',
91 silly addNameRange     '0.8.33',
91 silly addNameRange     '0.8.34',
91 silly addNameRange     '0.8.35',
91 silly addNameRange     '0.8.36',
91 silly addNameRange     '0.8.37',
91 silly addNameRange     '0.8.38',
91 silly addNameRange     '0.8.39',
91 silly addNameRange     '0.8.40',
91 silly addNameRange     '0.8.41',
91 silly addNameRange     '0.8.42',
91 silly addNameRange     '0.8.43',
91 silly addNameRange     '0.8.44',
91 silly addNameRange     '0.8.45',
91 silly addNameRange     '0.8.46',
91 silly addNameRange     '0.8.47',
91 silly addNameRange     '0.8.48',
91 silly addNameRange     '0.8.49',
91 silly addNameRange     '0.8.50',
91 silly addNameRange     '0.8.51',
91 silly addNameRange     '0.8.52',
91 silly addNameRange     '0.8.53',
91 silly addNameRange     '0.8.54',
91 silly addNameRange     '0.8.55',
91 silly addNameRange     '0.8.56',
91 silly addNameRange     '0.8.57',
91 silly addNameRange     '0.8.58',
91 silly addNameRange     '0.8.59',
91 silly addNameRange     '0.8.60',
91 silly addNameRange     '0.8.61',
91 silly addNameRange     '0.8.62',
91 silly addNameRange     '0.8.63',
91 silly addNameRange     '0.8.64',
91 silly addNameRange     '0.8.65',
91 silly addNameRange     '0.8.66',
91 silly addNameRange     '0.8.67',
91 silly addNameRange     '0.8.68',
91 silly addNameRange     '0.8.69',
91 silly addNameRange     '0.8.70',
91 silly addNameRange     '0.8.71',
91 silly addNameRange     '0.8.72',
91 silly addNameRange     '0.8.73',
91 silly addNameRange     '0.8.74',
91 silly addNameRange     '0.8.75',
91 silly addNameRange     '0.8.76',
91 silly addNameRange     '0.8.77',
91 silly addNameRange     '0.8.78',
91 silly addNameRange     '0.8.79',
91 silly addNameRange     '0.8.80',
91 silly addNameRange     '0.8.81',
91 silly addNameRange     '0.8.82',
91 silly addNameRange     '0.8.83',
91 silly addNameRange     '0.8.84',
91 silly addNameRange     '0.8.85',
91 silly addNameRange     '0.8.86',
91 silly addNameRange     '0.8.87',
91 silly addNameRange     '0.8.88',
91 silly addNameRange     '0.8.89',
91 silly addNameRange     '0.8.90',
91 silly addNameRange     '0.8.91',
91 silly addNameRange     '0.8.92',
91 silly addNameRange     '0.8.93',
91 silly addNameRange     '0.8.94',
91 silly addNameRange     '0.8.95',
91 silly addNameRange     '0.8.96',
91 silly addNameRange     '0.8.97',
91 silly addNameRange     '0.8.98',
91 silly addNameRange     '0.8.99',
91 silly addNameRange     '0.8.100',
91 silly addNameRange     '0.8.101',
91 silly addNameRange     '0.8.102',
91 silly addNameRange     '0.9.0',
91 silly addNameRange     '0.9.1',
91 silly addNameRange     '0.9.2',
91 silly addNameRange     '0.9.3',
91 silly addNameRange     '0.9.4',
91 silly addNameRange     '0.9.5',
91 silly addNameRange     '0.9.6',
91 silly addNameRange     '0.9.7',
91 silly addNameRange     '0.8.103',
91 silly addNameRange     '0.8.104',
91 silly addNameRange     '0.9.8',
91 silly addNameRange     '0.9.9',
91 silly addNameRange     '0.8.105',
91 silly addNameRange     '0.9.10',
91 silly addNameRange     '0.8.106',
91 silly addNameRange     '0.9.11',
91 silly addNameRange     '0.9.12',
91 silly addNameRange     '0.8.107',
91 silly addNameRange     '0.9.13',
91 silly addNameRange     '0.9.14',
91 silly addNameRange     '0.9.15',
91 silly addNameRange     '0.9.16',
91 silly addNameRange     '0.9.17',
91 silly addNameRange     '0.9.18',
91 silly addNameRange     '0.9.19',
91 silly addNameRange     '0.9.20',
91 silly addNameRange     '0.9.21',
91 silly addNameRange     '0.9.22',
91 silly addNameRange     '0.9.23',
91 silly addNameRange     '0.9.24',
91 silly addNameRange     '0.9.25',
91 silly addNameRange     '0.9.26',
91 silly addNameRange     '0.9.27',
91 silly addNameRange     '0.9.28',
91 silly addNameRange     '0.9.29',
91 silly addNameRange     '0.9.30',
91 silly addNameRange     '0.9.31',
91 silly addNameRange     '0.9.32',
91 silly addNameRange     '0.9.33',
91 silly addNameRange     '0.9.34',
91 silly addNameRange     '0.9.35',
91 silly addNameRange     '0.9.36',
91 silly addNameRange     '0.9.36-a',
91 silly addNameRange     '0.9.37',
91 silly addNameRange     '0.9.38',
91 silly addNameRange     '0.9.39',
91 silly addNameRange     '0.9.40',
91 silly addNameRange     '0.9.41',
91 silly addNameRange     '0.9.42' ] ]
92 silly addNamed pimatic@0.9.42
93 verbose addNamed "0.9.42" is a plain semver version for pimatic
94 silly addNameRange number 2 { name: 'pimatic-ble', range: '>=0.9.0', hasData: true }
95 silly addNameRange versions [ 'pimatic-ble', [ '0.8.0' ] ]
96 silly addNameRange number 2 { name: 'itag', range: '>=0.0.1 <0.0.2', hasData: true }
97 silly addNameRange versions [ 'itag', [ '0.0.1', '0.0.2' ] ]
98 silly addNamed itag@0.0.1
99 verbose addNamed "0.0.1" is a plain semver version for itag
100 silly mapToRegistry name itag
101 silly mapToRegistry using default registry
102 silly mapToRegistry registry https://registry.npmjs.org/
103 silly mapToRegistry data Result {
103 silly mapToRegistry   raw: 'itag',
103 silly mapToRegistry   scope: null,
103 silly mapToRegistry   name: 'itag',
103 silly mapToRegistry   rawSpec: '',
103 silly mapToRegistry   spec: 'latest',
103 silly mapToRegistry   type: 'tag' }
104 silly mapToRegistry uri https://registry.npmjs.org/itag
105 verbose addRemoteTarball https://registry.npmjs.org/itag/-/itag-0.0.1.tgz not in flight; adding
106 verbose addRemoteTarball [ 'https://registry.npmjs.org/itag/-/itag-0.0.1.tgz',
106 verbose addRemoteTarball   '1dcaf24648ced09e6eb9dc35f95b9960c28e0535' ]
107 silly cache afterAdd pimatic@0.9.42
108 verbose afterAdd /home/pimatic/.npm/pimatic/0.9.42/package/package.json not in flight; writing
109 verbose correctMkdir /home/pimatic/.npm correctMkdir not in flight; initializing
110 info retry fetch attempt 1 at 10:38:25 PM
111 info attempt registry request try #1 at 10:38:25 PM
112 http fetch GET https://registry.npmjs.org/itag/-/itag-0.0.1.tgz
113 verbose afterAdd /home/pimatic/.npm/pimatic/0.9.42/package/package.json written
114 http fetch 200 https://registry.npmjs.org/itag/-/itag-0.0.1.tgz
115 silly fetchAndShaCheck shasum 1dcaf24648ced09e6eb9dc35f95b9960c28e0535
116 verbose addTmpTarball /tmp/npm-2262-85fae38c/registry.npmjs.org/itag/-/itag-0.0.1.tgz not in flight; adding
117 verbose addTmpTarball already have metadata; skipping unpack for itag@0.0.1
118 verbose correctMkdir /home/pimatic/.npm correctMkdir not in flight; initializing
119 silly cache afterAdd itag@0.0.1
120 verbose afterAdd /home/pimatic/.npm/itag/0.0.1/package/package.json not in flight; writing
121 verbose correctMkdir /home/pimatic/.npm correctMkdir not in flight; initializing
122 verbose afterAdd /home/pimatic/.npm/itag/0.0.1/package/package.json written
123 verbose stack Error: No compatible version found: pimatic-ble@'>=0.9.0'
123 verbose stack Valid install targets:
123 verbose stack ["0.8.0"]
123 verbose stack
123 verbose stack     at installTargetsError (/usr/local/lib/node_modules/npm/lib/cache/add-named.js:284:12)
123 verbose stack     at next (/usr/local/lib/node_modules/npm/lib/cache/add-named.js:262:19)
123 verbose stack     at setData (/usr/local/lib/node_modules/npm/lib/cache/add-named.js:236:5)
123 verbose stack     at RES (/usr/local/lib/node_modules/npm/node_modules/inflight/inflight.js:23:14)
123 verbose stack     at f (/usr/local/lib/node_modules/npm/node_modules/once/once.js:25:25)
123 verbose stack     at fixName (/usr/local/lib/node_modules/npm/lib/cache/add-named.js:29:5)
123 verbose stack     at saved (/usr/local/lib/node_modules/npm/lib/cache/caching-client.js:173:7)
123 verbose stack     at /usr/local/lib/node_modules/npm/node_modules/graceful-fs/polyfills.js:233:18
123 verbose stack     at FSReqWrap.oncomplete (fs.js:82:15)
124 verbose cwd /home/pimatic/pimatic-dev/node_modules/pimatic-itag
125 error Linux 4.9.35-v7+
126 error argv "/usr/local/bin/node" "/usr/local/bin/npm" "install"
127 error node v4.6.2
128 error npm  v2.15.11
129 error code ETARGET
130 error notarget No compatible version found: pimatic-ble@'>=0.9.0'
130 error notarget Valid install targets:
130 error notarget ["0.8.0"]
130 error notarget
130 error notarget This is most likely not a problem with npm itself.
130 error notarget In most cases you or one of your dependencies are requesting
130 error notarget a package version that doesn't exist.
130 error notarget
130 error notarget It was specified as a dependency of 'pimatic-itag'
131 verbose exit [ 1, true ]
